# JRE version: Java(TM) SE Runtime Environment (17.0.12+8) (build 17.0.12+8-LTS-286)
# Java VM: Java HotSpot(TM) 64-Bit Server VM (17.0.12+8-LTS-286, mixed mode, sharing, tiered, compressed oops, compressed class ptrs, g1 gc, windows-amd64)
GC Precious Log:
 CPUs: 12 total, 12 available
 Memory: 15706M
 Large Page Support: Disabled
 NUMA Support: Disabled
 Compressed Oops: Enabled (Zero based)
 Heap Region Size: 2M
 Heap Min Capacity: 8M
 Heap Initial Capacity: 246M
 Heap Max Capacity: 3928M
 Pre-touch: Disabled
 Parallel Workers: 10
 Concurrent Workers: 3
 Concurrent Refinement Workers: 10
 Periodic GC: Disabled
Heap:
 garbage-first heap   total 49152K, used 18367K [0x000000070a800000, 0x0000000800000000)
  region size 2048K, 1 young (2048K), 1 survivors (2048K)
 Metaspace       used 50149K, committed 50432K, reserved 1114112K
  class space    used 6535K, committed 6656K, reserved 1048576K
GC Heap History (20 events):
Event: 1.230 GC heap after
{Heap after GC invocations=1 (full 0):
 garbage-first heap   total 251904K, used 6464K [0x000000070a800000, 0x0000000800000000)
  region size 2048K, 2 young (4096K), 2 survivors (4096K)
 Metaspace       used 7456K, committed 7616K, reserved 1114112K
  class space    used 806K, committed 896K, reserved 1048576K
}
Event: 2.285 GC heap before
{Heap before GC invocations=1 (full 0):
 garbage-first heap   total 251904K, used 35136K [0x000000070a800000, 0x0000000800000000)
  region size 2048K, 16 young (32768K), 2 survivors (4096K)
 Metaspace       used 15113K, committed 15360K, reserved 1114112K
  class space    used 1817K, committed 1920K, reserved 1048576K
}
Event: 2.292 GC heap after
{Heap after GC invocations=2 (full 0):
 garbage-first heap   total 251904K, used 8982K [0x000000070a800000, 0x0000000800000000)
  region size 2048K, 2 young (4096K), 2 survivors (4096K)
 Metaspace       used 15113K, committed 15360K, reserved 1114112K
  class space    used 1817K, committed 1920K, reserved 1048576K
}
Event: 3.139 GC heap before
{Heap before GC invocations=2 (full 0):
 garbage-first heap   total 251904K, used 29462K [0x000000070a800000, 0x0000000800000000)
  region size 2048K, 13 young (26624K), 2 survivors (4096K)
 Metaspace       used 21291K, committed 21504K, reserved 1114112K
  class space    used 2645K, committed 2752K, reserved 1048576K
}
Event: 3.144 GC heap after
{Heap after GC invocations=3 (full 0):
 garbage-first heap   total 251904K, used 10224K [0x000000070a800000, 0x0000000800000000)
  region size 2048K, 2 young (4096K), 2 survivors (4096K)
 Metaspace       used 21291K, committed 21504K, reserved 1114112K
  class space    used 2645K, committed 2752K, reserved 1048576K
}
Event: 4.315 GC heap before
{Heap before GC invocations=4 (full 0):
 garbage-first heap   total 49152K, used 34800K [0x000000070a800000, 0x0000000800000000)
  region size 2048K, 14 young (28672K), 2 survivors (4096K)
 Metaspace       used 29012K, committed 29248K, reserved 1114112K
  class space    used 3734K, committed 3840K, reserved 1048576K
}
Event: 4.323 GC heap after
{Heap after GC invocations=5 (full 0):
 garbage-first heap   total 49152K, used 12041K [0x000000070a800000, 0x0000000800000000)
  region size 2048K, 2 young (4096K), 2 survivors (4096K)
 Metaspace       used 29012K, committed 29248K, reserved 1114112K
  class space    used 3734K, committed 3840K, reserved 1048576K
}
Event: 4.447 GC heap before
{Heap before GC invocations=5 (full 0):
 garbage-first heap   total 49152K, used 14089K [0x000000070a800000, 0x0000000800000000)
  region size 2048K, 3 young (6144K), 2 survivors (4096K)
 Metaspace       used 29382K, committed 29632K, reserved 1114112K
  class space    used 3795K, committed 3904K, reserved 1048576K
}
Event: 4.453 GC heap after
{Heap after GC invocations=6 (full 0):
 garbage-first heap   total 49152K, used 12485K [0x000000070a800000, 0x0000000800000000)
  region size 2048K, 1 young (2048K), 1 survivors (2048K)
 Metaspace       used 29382K, committed 29632K, reserved 1114112K
  class space    used 3795K, committed 3904K, reserved 1048576K
}
Event: 9.017 GC heap before
{Heap before GC invocations=6 (full 0):
 garbage-first heap   total 49152K, used 30917K [0x000000070a800000, 0x0000000800000000)
  region size 2048K, 11 young (22528K), 1 survivors (2048K)
 Metaspace       used 33210K, committed 33472K, reserved 1114112K
  class space    used 4234K, committed 4352K, reserved 1048576K
}
Event: 9.022 GC heap after
{Heap after GC invocations=7 (full 0):
 garbage-first heap   total 49152K, used 12995K [0x000000070a800000, 0x0000000800000000)
  region size 2048K, 1 young (2048K), 1 survivors (2048K)
 Metaspace       used 33210K, committed 33472K, reserved 1114112K
  class space    used 4234K, committed 4352K, reserved 1048576K
}
Event: 9.401 GC heap before
{Heap before GC invocations=7 (full 0):
 garbage-first heap   total 49152K, used 25283K [0x000000070a800000, 0x0000000800000000)
  region size 2048K, 8 young (16384K), 1 survivors (2048K)
 Metaspace       used 35759K, committed 35968K, reserved 1114112K
  class space    used 4559K, committed 4672K, reserved 1048576K
}
Event: 9.405 GC heap after
{Heap after GC invocations=8 (full 0):
 garbage-first heap   total 49152K, used 13404K [0x000000070a800000, 0x0000000800000000)
  region size 2048K, 1 young (2048K), 1 survivors (2048K)
 Metaspace       used 35759K, committed 35968K, reserved 1114112K
  class space    used 4559K, committed 4672K, reserved 1048576K
}
Event: 10.372 GC heap before
{Heap before GC invocations=9 (full 0):
 garbage-first heap   total 49152K, used 35932K [0x000000070a800000, 0x0000000800000000)
  region size 2048K, 12 young (24576K), 1 survivors (2048K)
 Metaspace       used 39089K, committed 39424K, reserved 1114112K
  class space    used 5039K, committed 5184K, reserved 1048576K
}
Event: 10.376 GC heap after
{Heap after GC invocations=10 (full 0):
 garbage-first heap   total 49152K, used 14625K [0x000000070a800000, 0x0000000800000000)
  region size 2048K, 2 young (4096K), 2 survivors (4096K)
 Metaspace       used 39089K, committed 39424K, reserved 1114112K
  class space    used 5039K, committed 5184K, reserved 1048576K
}
Event: 16.114 GC heap before
{Heap before GC invocations=10 (full 0):
 garbage-first heap   total 49152K, used 35105K [0x000000070a800000, 0x0000000800000000)
  region size 2048K, 12 young (24576K), 2 survivors (4096K)
 Metaspace       used 42246K, committed 42560K, reserved 1114112K
  class space    used 5401K, committed 5568K, reserved 1048576K
}
Event: 16.125 GC heap after
{Heap after GC invocations=11 (full 0):
 garbage-first heap   total 49152K, used 16944K [0x000000070a800000, 0x0000000800000000)
  region size 2048K, 2 young (4096K), 2 survivors (4096K)
 Metaspace       used 42246K, committed 42560K, reserved 1114112K
  class space    used 5401K, committed 5568K, reserved 1048576K
}
Event: 16.713 GC heap before
{Heap before GC invocations=11 (full 0):
 garbage-first heap   total 49152K, used 33328K [0x000000070a800000, 0x0000000800000000)
  region size 2048K, 11 young (22528K), 2 survivors (4096K)
 Metaspace       used 46683K, committed 46976K, reserved 1114112K
  class space    used 6018K, committed 6144K, reserved 1048576K
}
Event: 16.720 GC heap after
{Heap after GC invocations=12 (full 0):
 garbage-first heap   total 49152K, used 17984K [0x000000070a800000, 0x0000000800000000)
  region size 2048K, 1 young (2048K), 1 survivors (2048K)
 Metaspace       used 46683K, committed 46976K, reserved 1114112K
  class space    used 6018K, committed 6144K, reserved 1048576K
}
Event: 17.187 GC heap before
{Heap before GC invocations=12 (full 0):
 garbage-first heap   total 49152K, used 32320K [0x000000070a800000, 0x0000000800000000)
  region size 2048K, 9 young (18432K), 1 survivors (2048K)
 Metaspace       used 50149K, committed 50432K, reserved 1114112K
  class space    used 6535K, committed 6656K, reserved 1048576K
}

